<?xml version="1.0" encoding="UTF-8"?>
<!-- Generated by org.testng.reporters.JUnitXMLReporter -->
<testsuite ignored="9" hostname="N-107" failures="0" tests="0" time="0.006" errors="0" timestamp="2020-03-16T16:10:58 ART">
  <testcase classname="search.SearchTest" name="filterWomenResultIndex" time="0.0">
    <ignored/>
  </testcase> <!-- filterWomenResultIndex -->
  <testcase classname="search.SearchTest" name="searchNoResults2" time="0.0">
    <ignored/>
  </testcase> <!-- searchNoResults2 -->
  <testcase classname="search.SearchTest" name="filterWomenResultName" time="0.0">
    <ignored/>
  </testcase> <!-- filterWomenResultName -->
  <testcase classname="search.SearchTest" name="filterWomenBy" time="0.0">
    <ignored/>
  </testcase> <!-- filterWomenBy -->
  <testcase classname="search.SearchTest" name="searchCeroResults" time="0.0">
    <ignored/>
  </testcase> <!-- searchCeroResults -->
  <testcase classname="search.SearchTest" name="searchOrangeShoe" time="0.0">
    <ignored/>
  </testcase> <!-- searchOrangeShoe -->
  <testcase classname="search.SearchTest" name="searchByDressChangeToBlueColor" time="0.0">
    <ignored/>
  </testcase> <!-- searchByDressChangeToBlueColor -->
  <testcase classname="search.SearchTest" name="searchByDress" time="0.0">
    <ignored/>
  </testcase> <!-- searchByDress -->
  <testcase classname="search.SearchTest" name="searchNoResults" time="0.0">
    <ignored/>
  </testcase> <!-- searchNoResults -->
</testsuite>
