<?xml version="1.0" encoding="UTF-8"?>
<!-- Generated by org.testng.reporters.JUnitXMLReporter -->
<testsuite ignored="6" hostname="N-101" failures="1" tests="3" name="Command line test" time="50.501" errors="0" timestamp="2020-03-11T16:49:29 ART">
  <testcase classname="search.SearchTest" name="searchByDressChangeToBlueColor" time="4.055"/>
  <testcase classname="search.SearchTest" name="searchNoResults2" time="1.15">
    <failure type="java.lang.AssertionError" message="Tiene que aprarecer expected [Si results were found for your search &amp;quot;pepito&amp;quot;] but found [No results were found for your search &amp;quot;pepito&amp;quot;]">
      <![CDATA[java.lang.AssertionError: Tiene que aprarecer expected [Si results were found for your search "pepito"] but found [No results were found for your search "pepito"]
at search.SearchTest.searchNoResults2(SearchTest.java:86)
at java.base/java.util.ArrayList.forEach(ArrayList.java:1507)
... Removed 40 stack frames]]>
    </failure>
  </testcase> <!-- searchNoResults2 -->
  <testcase classname="search.SearchTest" name="searchOrangeShoe" time="3.846"/>
  <testcase classname="search.SearchTest" name="filterWomenResultIndex" time="0.0">
    <ignored/>
  </testcase> <!-- filterWomenResultIndex -->
  <testcase classname="search.SearchTest" name="filterWomenResultName" time="0.0">
    <ignored/>
  </testcase> <!-- filterWomenResultName -->
  <testcase classname="search.SearchTest" name="filterWomenBy" time="0.0">
    <ignored/>
  </testcase> <!-- filterWomenBy -->
  <testcase classname="search.SearchTest" name="searchCeroResults" time="0.0">
    <ignored/>
  </testcase> <!-- searchCeroResults -->
  <testcase classname="search.SearchTest" name="searchByDress" time="0.0">
    <ignored/>
  </testcase> <!-- searchByDress -->
  <testcase classname="search.SearchTest" name="searchNoResults" time="0.0">
    <ignored/>
  </testcase> <!-- searchNoResults -->
</testsuite> <!-- Command line test -->
