<?xml version="1.0" encoding="UTF-8"?>
<!-- Generated by org.testng.reporters.JUnitXMLReporter -->
<testsuite ignored="6" hostname="N-101" failures="0" tests="2" name="Default test" time="36.215" errors="0" timestamp="2020-03-09T15:57:15 ART">
  <testcase classname="search.SearchTest" name="searchByDressChangeToBlueColor" time="3.477"/>
  <testcase classname="search.SearchTest" name="searchOrangeShoe" time="3.571"/>
  <testcase classname="search.SearchTest" name="filterWomenResultIndex" time="0.0">
    <ignored/>
  </testcase> <!-- filterWomenResultIndex -->
  <testcase classname="search.SearchTest" name="filterWomenResultName" time="0.0">
    <ignored/>
  </testcase> <!-- filterWomenResultName -->
  <testcase classname="search.SearchTest" name="filterWomenBy" time="0.0">
    <ignored/>
  </testcase> <!-- filterWomenBy -->
  <testcase classname="search.SearchTest" name="searchCeroResults" time="0.0">
    <ignored/>
  </testcase> <!-- searchCeroResults -->
  <testcase classname="search.SearchTest" name="searchByDress" time="0.0">
    <ignored/>
  </testcase> <!-- searchByDress -->
  <testcase classname="search.SearchTest" name="searchNoResults" time="0.0">
    <ignored/>
  </testcase> <!-- searchNoResults -->
</testsuite> <!-- Default test -->
