<?xml version="1.0" encoding="UTF-8"?>
<!-- Generated by org.testng.reporters.JUnitXMLReporter -->
<testsuite ignored="5" hostname="N-101" failures="0" tests="5" name="Command line test" time="20.46" errors="0" timestamp="2020-03-04T16:28:43 ART">
  <testcase classname="calculadora.matematicaTest" name="division" time="0.009"/>
  <testcase classname="calculadora.matematicaTest" name="multiplicacion" time="0.001"/>
  <testcase classname="calculadora.matematicaTest" name="resta" time="0.0"/>
  <testcase classname="calculadora.matematicaTest" name="suma" time="0.0"/>
  <testcase classname="search.SearchTest" name="filterWomenResultIndex" time="5.156"/>
  <testcase classname="search.SearchTest" name="filterWomenResultName" time="0.0">
    <ignored/>
  </testcase> <!-- filterWomenResultName -->
  <testcase classname="search.SearchTest" name="filterWomenBy" time="0.0">
    <ignored/>
  </testcase> <!-- filterWomenBy -->
  <testcase classname="search.SearchTest" name="searchCeroResults" time="0.0">
    <ignored/>
  </testcase> <!-- searchCeroResults -->
  <testcase classname="search.SearchTest" name="searchByDress" time="0.0">
    <ignored/>
  </testcase> <!-- searchByDress -->
  <testcase classname="search.SearchTest" name="searchNoResults" time="0.0">
    <ignored/>
  </testcase> <!-- searchNoResults -->
</testsuite> <!-- Command line test -->
