<?xml version="1.0" encoding="UTF-8"?>
<!-- Generated by org.testng.reporters.JUnitXMLReporter -->
<testsuite ignored="0" hostname="N-101" failures="1" tests="1" name="Default test(failed)(failed)(failed)" time="16.759" errors="0" timestamp="2020-03-11T13:40:37 ART">
  <testcase classname="selections.WomenSelection" name="searchByChecks" time="0.006">
    <failure type="java.lang.NullPointerException">
      <![CDATA[java.lang.NullPointerException
at selections.WomenSelection.searchByChecks(WomenSelection.java:44)
at java.base/java.util.ArrayList.forEach(ArrayList.java:1507)
... Removed 27 stack frames]]>
    </failure>
  </testcase> <!-- searchByChecks -->
</testsuite> <!-- Default test(failed)(failed)(failed) -->
