<?xml version="1.0" encoding="UTF-8"?>
<testng-results ignored="5" total="10" passed="5" failed="0" skipped="0">
  <reporter-output>
  </reporter-output>
  <suite started-at="2020-03-04T16:28:22 ART" name="Command line suite" finished-at="2020-03-04T16:28:43 ART" duration-ms="20460">
    <groups>
    </groups>
    <test started-at="2020-03-04T16:28:22 ART" name="Command line test" finished-at="2020-03-04T16:28:43 ART" duration-ms="20460">
      <class name="search.SearchTest">
        <test-method is-config="true" signature="BoforeAll()[pri:0, instance:search.SearchTest@12c8a2c0]" started-at="2020-03-04T16:28:22 ART" name="BoforeAll" finished-at="2020-03-04T16:28:22 ART" duration-ms="1" status="PASS">
          <reporter-output>
          </reporter-output>
        </test-method> <!-- BoforeAll -->
        <test-method is-config="true" signature="setUp()[pri:0, instance:search.SearchTest@12c8a2c0]" started-at="2020-03-04T16:28:22 ART" name="setUp" finished-at="2020-03-04T16:28:37 ART" duration-ms="14538" status="PASS">
          <reporter-output>
          </reporter-output>
        </test-method> <!-- setUp -->
        <test-method signature="filterWomenResultIndex()[pri:0, instance:search.SearchTest@12c8a2c0]" started-at="2020-03-04T16:28:37 ART" name="filterWomenResultIndex" finished-at="2020-03-04T16:28:42 ART" duration-ms="5156" status="PASS">
          <reporter-output>
          </reporter-output>
        </test-method> <!-- filterWomenResultIndex -->
        <test-method is-config="true" signature="tearDown()[pri:0, instance:search.SearchTest@12c8a2c0]" started-at="2020-03-04T16:28:42 ART" name="tearDown" finished-at="2020-03-04T16:28:43 ART" duration-ms="704" status="PASS">
          <reporter-output>
          </reporter-output>
        </test-method> <!-- tearDown -->
        <test-method is-config="true" signature="arterAll()[pri:0, instance:search.SearchTest@12c8a2c0]" started-at="2020-03-04T16:28:43 ART" name="arterAll" finished-at="2020-03-04T16:28:43 ART" duration-ms="0" status="PASS">
          <reporter-output>
          </reporter-output>
        </test-method> <!-- arterAll -->
      </class> <!-- search.SearchTest -->
      <class name="calculadora.matematicaTest">
        <test-method signature="division()[pri:0, instance:calculadora.matematicaTest@a74868d]" started-at="2020-03-04T16:28:22 ART" name="division" finished-at="2020-03-04T16:28:22 ART" duration-ms="9" status="PASS">
          <reporter-output>
          </reporter-output>
        </test-method> <!-- division -->
        <test-method signature="multiplicacion()[pri:0, instance:calculadora.matematicaTest@a74868d]" started-at="2020-03-04T16:28:22 ART" name="multiplicacion" finished-at="2020-03-04T16:28:22 ART" duration-ms="1" status="PASS">
          <reporter-output>
          </reporter-output>
        </test-method> <!-- multiplicacion -->
        <test-method signature="resta()[pri:0, instance:calculadora.matematicaTest@a74868d]" started-at="2020-03-04T16:28:22 ART" name="resta" finished-at="2020-03-04T16:28:22 ART" duration-ms="0" status="PASS">
          <reporter-output>
          </reporter-output>
        </test-method> <!-- resta -->
        <test-method signature="suma()[pri:0, instance:calculadora.matematicaTest@a74868d]" started-at="2020-03-04T16:28:22 ART" name="suma" finished-at="2020-03-04T16:28:22 ART" duration-ms="0" status="PASS">
          <reporter-output>
          </reporter-output>
        </test-method> <!-- suma -->
      </class> <!-- calculadora.matematicaTest -->
    </test> <!-- Command line test -->
  </suite> <!-- Command line suite -->
</testng-results>
