<?xml version="1.0" encoding="UTF-8"?>
<testng-results ignored="9" total="9" passed="0" failed="0" skipped="0">
  <reporter-output>
  </reporter-output>
  <suite started-at="2020-03-16T16:10:58 ART" name="search.SearchTest" finished-at="2020-03-16T16:10:58 ART" duration-ms="6">
    <groups>
    </groups>
    <test started-at="2020-03-16T16:10:58 ART" name="Command line test" finished-at="2020-03-16T16:10:58 ART" duration-ms="6">
    </test> <!-- Command line test -->
  </suite> <!-- search.SearchTest -->
</testng-results>
