<?xml version="1.0" encoding="UTF-8"?>
<testng-results ignored="6" total="9" passed="2" failed="1" skipped="0">
  <reporter-output>
  </reporter-output>
  <suite started-at="2020-03-16T15:15:02 ART" name="search.SearchTest" finished-at="2020-03-16T15:15:55 ART" duration-ms="53381">
    <groups>
    </groups>
    <test started-at="2020-03-16T15:15:02 ART" name="Command line test" finished-at="2020-03-16T15:15:55 ART" duration-ms="53381">
      <class name="search.SearchTest">
        <test-method is-config="true" signature="BoforeAll()[pri:0, instance:search.SearchTest@7e0e6aa2]" started-at="2020-03-16T15:15:02 ART" name="BoforeAll" finished-at="2020-03-16T15:15:02 ART" duration-ms="27" status="PASS">
          <reporter-output>
          </reporter-output>
        </test-method> <!-- BoforeAll -->
        <test-method is-config="true" signature="setUp()[pri:0, instance:search.SearchTest@7e0e6aa2]" started-at="2020-03-16T15:15:02 ART" name="setUp" finished-at="2020-03-16T15:15:15 ART" duration-ms="12797" status="PASS">
          <reporter-output>
          </reporter-output>
        </test-method> <!-- setUp -->
        <test-method signature="searchByDressChangeToBlueColor()[pri:0, instance:search.SearchTest@7e0e6aa2]" started-at="2020-03-16T15:15:15 ART" name="searchByDressChangeToBlueColor" finished-at="2020-03-16T15:15:22 ART" duration-ms="7672" status="PASS">
          <reporter-output>
          </reporter-output>
        </test-method> <!-- searchByDressChangeToBlueColor -->
        <test-method is-config="true" signature="tearDown(org.testng.ITestResult)[pri:0, instance:search.SearchTest@7e0e6aa2]" started-at="2020-03-16T15:15:22 ART" name="tearDown" finished-at="2020-03-16T15:15:25 ART" duration-ms="2624" status="PASS">
          <params>
            <param index="0">
              <value>
                <![CDATA[[TestResult name=searchByDressChangeToBlueColor status=SUCCESS method=SearchTest.searchByDressChangeToBlueColor()[pri:0, instance:search.SearchTest@7e0e6aa2] output={null}]]]>
              </value>
            </param>
          </params>
          <reporter-output>
          </reporter-output>
        </test-method> <!-- tearDown -->
        <test-method is-config="true" signature="setUp()[pri:0, instance:search.SearchTest@7e0e6aa2]" started-at="2020-03-16T15:15:25 ART" name="setUp" finished-at="2020-03-16T15:15:36 ART" duration-ms="11020" status="PASS">
          <reporter-output>
          </reporter-output>
        </test-method> <!-- setUp -->
        <test-method signature="searchNoResults2()[pri:0, instance:search.SearchTest@7e0e6aa2]" started-at="2020-03-16T15:15:36 ART" name="searchNoResults2" description="search with no results" finished-at="2020-03-16T15:15:37 ART" duration-ms="1109" status="FAIL">
          <exception class="java.lang.AssertionError">
            <message>
              <![CDATA[Tiene que aprarecer expected [Si results were found for your search "pepito"] but found [No results were found for your search "pepito"]]]>
            </message>
            <full-stacktrace>
              <![CDATA[java.lang.AssertionError: Tiene que aprarecer expected [Si results were found for your search "pepito"] but found [No results were found for your search "pepito"]
at org.testng.Assert.fail(Assert.java:97)
at org.testng.Assert.assertEqualsImpl(Assert.java:136)
at org.testng.Assert.assertEquals(Assert.java:118)
at org.testng.Assert.assertEquals(Assert.java:575)
at search.SearchTest.searchNoResults2(SearchTest.java:86)
at java.base/jdk.internal.reflect.NativeMethodAccessorImpl.invoke0(Native Method)
at java.base/jdk.internal.reflect.NativeMethodAccessorImpl.invoke(NativeMethodAccessorImpl.java:62)
at java.base/jdk.internal.reflect.DelegatingMethodAccessorImpl.invoke(DelegatingMethodAccessorImpl.java:43)
at java.base/java.lang.reflect.Method.invoke(Method.java:567)
at org.testng.internal.MethodInvocationHelper.invokeMethod(MethodInvocationHelper.java:133)
at org.testng.internal.TestInvoker.invokeMethod(TestInvoker.java:584)
at org.testng.internal.TestInvoker.invokeTestMethod(TestInvoker.java:172)
at org.testng.internal.MethodRunner.runInSequence(MethodRunner.java:46)
at org.testng.internal.TestInvoker$MethodInvocationAgent.invoke(TestInvoker.java:804)
at org.testng.internal.TestInvoker.invokeTestMethods(TestInvoker.java:145)
at org.testng.internal.TestMethodWorker.invokeTestMethods(TestMethodWorker.java:146)
at org.testng.internal.TestMethodWorker.run(TestMethodWorker.java:128)
at java.base/java.util.ArrayList.forEach(ArrayList.java:1507)
at org.testng.TestRunner.privateRun(TestRunner.java:770)
at org.testng.TestRunner.run(TestRunner.java:591)
at org.testng.SuiteRunner.runTest(SuiteRunner.java:402)
at org.testng.SuiteRunner.runSequentially(SuiteRunner.java:396)
at org.testng.SuiteRunner.privateRun(SuiteRunner.java:355)
at org.testng.SuiteRunner.run(SuiteRunner.java:304)
at org.testng.SuiteRunnerWorker.runSuite(SuiteRunnerWorker.java:53)
at org.testng.SuiteRunnerWorker.run(SuiteRunnerWorker.java:96)
at org.testng.TestNG.runSuitesSequentially(TestNG.java:1180)
at org.testng.TestNG.runSuitesLocally(TestNG.java:1102)
at org.testng.TestNG.runSuites(TestNG.java:1032)
at org.testng.TestNG.run(TestNG.java:1000)
at org.apache.maven.surefire.testng.TestNGExecutor.run(TestNGExecutor.java:77)
at org.apache.maven.surefire.testng.TestNGDirectoryTestSuite.execute(TestNGDirectoryTestSuite.java:110)
at org.apache.maven.surefire.testng.TestNGProvider.invoke(TestNGProvider.java:106)
at java.base/jdk.internal.reflect.NativeMethodAccessorImpl.invoke0(Native Method)
at java.base/jdk.internal.reflect.NativeMethodAccessorImpl.invoke(NativeMethodAccessorImpl.java:62)
at java.base/jdk.internal.reflect.DelegatingMethodAccessorImpl.invoke(DelegatingMethodAccessorImpl.java:43)
at java.base/java.lang.reflect.Method.invoke(Method.java:567)
at org.apache.maven.surefire.util.ReflectionUtils.invokeMethodWithArray(ReflectionUtils.java:189)
at org.apache.maven.surefire.booter.ProviderFactory$ProviderProxy.invoke(ProviderFactory.java:165)
at org.apache.maven.surefire.booter.ProviderFactory.invokeProvider(ProviderFactory.java:85)
at org.apache.maven.surefire.booter.ForkedBooter.runSuitesInProcess(ForkedBooter.java:115)
at org.apache.maven.surefire.booter.ForkedBooter.main(ForkedBooter.java:75)
]]>
            </full-stacktrace>
          </exception> <!-- java.lang.AssertionError -->
          <reporter-output>
          </reporter-output>
        </test-method> <!-- searchNoResults2 -->
        <test-method is-config="true" signature="tearDown(org.testng.ITestResult)[pri:0, instance:search.SearchTest@7e0e6aa2]" started-at="2020-03-16T15:15:37 ART" name="tearDown" finished-at="2020-03-16T15:15:38 ART" duration-ms="1336" status="PASS">
          <params>
            <param index="0">
              <value>
                <![CDATA[[TestResult name=searchNoResults2 status=FAILURE method=SearchTest.searchNoResults2()[pri:0, instance:search.SearchTest@7e0e6aa2] output={null}]]]>
              </value>
            </param>
          </params>
          <reporter-output>
          </reporter-output>
        </test-method> <!-- tearDown -->
        <test-method is-config="true" signature="setUp()[pri:0, instance:search.SearchTest@7e0e6aa2]" started-at="2020-03-16T15:15:38 ART" name="setUp" finished-at="2020-03-16T15:15:49 ART" duration-ms="11068" status="PASS">
          <reporter-output>
          </reporter-output>
        </test-method> <!-- setUp -->
        <test-method signature="searchOrangeShoe()[pri:0, instance:search.SearchTest@7e0e6aa2]" started-at="2020-03-16T15:15:49 ART" name="searchOrangeShoe" finished-at="2020-03-16T15:15:54 ART" duration-ms="4701" status="PASS">
          <reporter-output>
          </reporter-output>
        </test-method> <!-- searchOrangeShoe -->
        <test-method is-config="true" signature="tearDown(org.testng.ITestResult)[pri:0, instance:search.SearchTest@7e0e6aa2]" started-at="2020-03-16T15:15:54 ART" name="tearDown" finished-at="2020-03-16T15:15:55 ART" duration-ms="915" status="PASS">
          <params>
            <param index="0">
              <value>
                <![CDATA[[TestResult name=searchOrangeShoe status=SUCCESS method=SearchTest.searchOrangeShoe()[pri:0, instance:search.SearchTest@7e0e6aa2] output={null}]]]>
              </value>
            </param>
          </params>
          <reporter-output>
          </reporter-output>
        </test-method> <!-- tearDown -->
        <test-method is-config="true" signature="arterAll()[pri:0, instance:search.SearchTest@7e0e6aa2]" started-at="2020-03-16T15:15:55 ART" name="arterAll" finished-at="2020-03-16T15:15:55 ART" duration-ms="0" status="PASS">
          <reporter-output>
          </reporter-output>
        </test-method> <!-- arterAll -->
      </class> <!-- search.SearchTest -->
    </test> <!-- Command line test -->
  </suite> <!-- search.SearchTest -->
</testng-results>
