<?xml version="1.0" encoding="UTF-8"?>
<testng-results ignored="6" total="8" passed="2" failed="0" skipped="0">
  <reporter-output>
  </reporter-output>
  <suite started-at="2020-03-09T15:56:39 ART" name="Default suite" finished-at="2020-03-09T15:57:15 ART" duration-ms="36215">
    <groups>
    </groups>
    <test started-at="2020-03-09T15:56:39 ART" name="Default test" finished-at="2020-03-09T15:57:15 ART" duration-ms="36215">
      <class name="search.SearchTest">
        <test-method is-config="true" signature="BoforeAll()[pri:0, instance:search.SearchTest@3b07a0d6]" started-at="2020-03-09T15:56:39 ART" name="BoforeAll" finished-at="2020-03-09T15:56:39 ART" duration-ms="19" status="PASS">
          <reporter-output>
          </reporter-output>
        </test-method> <!-- BoforeAll -->
        <test-method is-config="true" signature="setUp()[pri:0, instance:search.SearchTest@3b07a0d6]" started-at="2020-03-09T15:56:39 ART" name="setUp" finished-at="2020-03-09T15:56:54 ART" duration-ms="14539" status="PASS">
          <reporter-output>
          </reporter-output>
        </test-method> <!-- setUp -->
        <test-method signature="searchByDressChangeToBlueColor()[pri:0, instance:search.SearchTest@3b07a0d6]" started-at="2020-03-09T15:56:54 ART" name="searchByDressChangeToBlueColor" finished-at="2020-03-09T15:56:57 ART" duration-ms="3477" status="PASS">
          <reporter-output>
          </reporter-output>
        </test-method> <!-- searchByDressChangeToBlueColor -->
        <test-method is-config="true" signature="tearDown()[pri:0, instance:search.SearchTest@3b07a0d6]" started-at="2020-03-09T15:56:57 ART" name="tearDown" finished-at="2020-03-09T15:56:58 ART" duration-ms="902" status="PASS">
          <reporter-output>
          </reporter-output>
        </test-method> <!-- tearDown -->
        <test-method is-config="true" signature="setUp()[pri:0, instance:search.SearchTest@3b07a0d6]" started-at="2020-03-09T15:56:58 ART" name="setUp" finished-at="2020-03-09T15:57:11 ART" duration-ms="12901" status="PASS">
          <reporter-output>
          </reporter-output>
        </test-method> <!-- setUp -->
        <test-method signature="searchOrangeShoe()[pri:0, instance:search.SearchTest@3b07a0d6]" started-at="2020-03-09T15:57:11 ART" name="searchOrangeShoe" finished-at="2020-03-09T15:57:15 ART" duration-ms="3571" status="PASS">
          <reporter-output>
          </reporter-output>
        </test-method> <!-- searchOrangeShoe -->
        <test-method is-config="true" signature="tearDown()[pri:0, instance:search.SearchTest@3b07a0d6]" started-at="2020-03-09T15:57:15 ART" name="tearDown" finished-at="2020-03-09T15:57:15 ART" duration-ms="748" status="PASS">
          <reporter-output>
          </reporter-output>
        </test-method> <!-- tearDown -->
        <test-method is-config="true" signature="arterAll()[pri:0, instance:search.SearchTest@3b07a0d6]" started-at="2020-03-09T15:57:15 ART" name="arterAll" finished-at="2020-03-09T15:57:15 ART" duration-ms="1" status="PASS">
          <reporter-output>
          </reporter-output>
        </test-method> <!-- arterAll -->
      </class> <!-- search.SearchTest -->
    </test> <!-- Default test -->
  </suite> <!-- Default suite -->
</testng-results>
